<?xml version="1.0" encoding="UTF-8"?>
<testsuite xmlns:xsi="http://www.w3.org/2001/XMLSchema-instance" xsi:schemaLocation="https://maven.apache.org/surefire/maven-surefire-plugin/xsd/surefire-test-report.xsd" name="Runner" time="77.704" tests="7" errors="0" skipped="0" failures="1">
  <properties>
    <property name="java.runtime.name" value="Java(TM) SE Runtime Environment"/>
    <property name="java.vm.version" value="17.0.4.1+1-LTS-2"/>
    <property name="sun.boot.library.path" value="C:\Program Files\Java\jdk-17.0.4.1\bin"/>
    <property name="user.country.format" value="TR"/>
    <property name="maven.multiModuleProjectDirectory" value="C:\Users\onur.tarar\IdeaProjects\CucumberSpriteCloud"/>
    <property name="java.vm.vendor" value="Oracle Corporation"/>
    <property name="java.vendor.url" value="https://java.oracle.com/"/>
    <property name="guice.disable.misplaced.annotation.check" value="true"/>
    <property name="path.separator" value=";"/>
    <property name="java.vm.name" value="Java HotSpot(TM) 64-Bit Server VM"/>
    <property name="sun.os.patch.level" value=""/>
    <property name="user.script" value=""/>
    <property name="user.country" value="US"/>
    <property name="sun.java.launcher" value="SUN_STANDARD"/>
    <property name="java.vm.specification.name" value="Java Virtual Machine Specification"/>
    <property name="user.dir" value="C:\Users\onur.tarar\IdeaProjects\CucumberSpriteCloud"/>
    <property name="java.vm.compressedOopsMode" value="Zero based"/>
    <property name="java.runtime.version" value="17.0.4.1+1-LTS-2"/>
    <property name="os.arch" value="amd64"/>
    <property name="java.io.tmpdir" value="C:\Users\ONUR~1.TAR\AppData\Local\Temp\"/>
    <property name="line.separator" value="&#10;"/>
    <property name="java.vm.specification.vendor" value="Oracle Corporation"/>
    <property name="user.variant" value=""/>
    <property name="os.name" value="Windows 10"/>
    <property name="classworlds.conf" value="C:\Program Files\apache-maven-3.8.4\bin\m2.conf"/>
    <property name="sun.jnu.encoding" value="Cp1254"/>
    <property name="java.library.path" value="C:\Program Files\Java\jdk-17.0.4.1\bin;C:\Windows\Sun\Java\bin;C:\Windows\system32;C:\Windows;C:\Program Files\Common Files\Oracle\Java\javapath;C:\Windows\system32;C:\Windows;C:\Windows\System32\Wbem;C:\Windows\System32\WindowsPowerShell\v1.0\;C:\Windows\System32\OpenSSH\;C:\Program Files\Java\jdk1.8.0_321\bin;C:\Program Files\Gauge\bin;%ANDROID_HOME%\tools;C:\Program Files\apache-maven-3.8.4\bin;C:\Program Files\Java\jdk-17.0.4.1\bin;C:\Users\onur.tarar\AppData\Local\Android\Sdk\platform-tools;C:\driver\allure-2.13.0\bin;C:\Program Files\nodejs\;C:\Program Files\Git\cmd;C:\Ruby31-x64\bin;C:\Users\onur.tarar\AppData\Local\Programs\Python\Python310\Scripts\;C:\Users\onur.tarar\AppData\Local\Programs\Python\Python310\;C:\Users\onur.tarar\Anaconda3;C:\Users\onur.tarar\Anaconda3\Library\mingw-w64\bin;C:\Users\onur.tarar\Anaconda3\Library\usr\bin;C:\Users\onur.tarar\Anaconda3\Library\bin;C:\Users\onur.tarar\Anaconda3\Scripts;C:\Users\onur.tarar\AppData\Local\Microsoft\WindowsApps;C:\Users\onur.tarar\AppData\Local\JetBrains\IntelliJ IDEA Community Edition 2021.3.2\bin;;C:\Users\onur.tarar\AppData\Local\Programs\Git\cmd;C:\Program Files\Java\jdk1.8.0_321\bin;C:\Program Files (x86)\Sophos\Sophos SSL VPN Client\bin;C:\Program Files\JetBrains\RubyMine 2022.1\bin;;C:\Users\onur.tarar\AppData\Roaming\npm;C:\Users\onur.tarar\AppData\Local\Programs\Microsoft VS Code\bin;."/>
    <property name="maven.conf" value="C:\Program Files\apache-maven-3.8.4/conf"/>
    <property name="jdk.debug" value="release"/>
    <property name="java.class.version" value="61.0"/>
    <property name="java.specification.name" value="Java Platform API Specification"/>
    <property name="sun.management.compiler" value="HotSpot 64-Bit Tiered Compilers"/>
    <property name="os.version" value="10.0"/>
    <property name="library.jansi.path" value="C:\Program Files\apache-maven-3.8.4\lib\jansi-native"/>
    <property name="user.home" value="C:\Users\onur.tarar"/>
    <property name="user.timezone" value="Europe/Istanbul"/>
    <property name="file.encoding" value="Cp1254"/>
    <property name="java.specification.version" value="17"/>
    <property name="user.name" value="onur.tarar"/>
    <property name="java.class.path" value="C:\Program Files\apache-maven-3.8.4\boot\plexus-classworlds-2.6.0.jar"/>
    <property name="java.vm.specification.version" value="17"/>
    <property name="sun.arch.data.model" value="64"/>
    <property name="sun.java.command" value="org.codehaus.plexus.classworlds.launcher.Launcher clean install"/>
    <property name="java.home" value="C:\Program Files\Java\jdk-17.0.4.1"/>
    <property name="user.language" value="en"/>
    <property name="java.specification.vendor" value="Oracle Corporation"/>
    <property name="user.language.format" value="tr"/>
    <property name="java.vm.info" value="mixed mode, sharing"/>
    <property name="java.version" value="17.0.4.1"/>
    <property name="native.encoding" value="Cp1254"/>
    <property name="java.vendor" value="Oracle Corporation"/>
    <property name="sun.stderr.encoding" value="cp857"/>
    <property name="maven.home" value="C:\Program Files\apache-maven-3.8.4"/>
    <property name="file.separator" value="\"/>
    <property name="java.version.date" value="2022-08-18"/>
    <property name="java.vendor.url.bug" value="https://bugreport.java.com/bugreport/"/>
    <property name="sun.io.unicode.encoding" value="UnicodeLittle"/>
    <property name="sun.cpu.endian" value="little"/>
    <property name="sun.stdout.encoding" value="cp857"/>
    <property name="sun.cpu.isalist" value="amd64"/>
  </properties>
  <testcase name="Client Delay - 1 Click test" classname="Client Delay features #1" time="20.913"/>
  <testcase name="Client Delay - 2 Click test" classname="Client Delay features #1" time="34.786"/>
  <testcase name="Check Chrome Cpu load" classname="Client Delay features #2" time="3.78"/>
  <testcase name="Sample App - Success login" classname="SampleApp features" time="4.19">
    <failure message="Invalid Username/Password expected:&lt;[Invalid username/password]&gt; but was:&lt;[Welcome, Onur!]&gt;" type="org.junit.ComparisonFailure"><![CDATA[org.junit.ComparisonFailure: Invalid Username/Password expected:<[Invalid username/password]> but was:<[Welcome, Onur!]>
]]></failure>
    <system-out><![CDATA[
Scenario: Sample App - Success login   &amp#27;[90m# src/test/java/features/SampleApp.feature:7&amp#27;[0m
  &amp#27;[32mGiven &amp#27;[0m&amp#27;[32mgo to homepage&amp#27;[0m                 &amp#27;[90m# steps.HomePageSteps.goToHomepage()&amp#27;[0m
  &amp#27;[32mWhen &amp#27;[0m&amp#27;[32mclick &amp#27;[0m&amp#27;[32m&amp#27;[1msampleapp&amp#27;[0m&amp#27;[32m href link&amp#27;[0m       &amp#27;[90m# steps.HomePageSteps.clickHrefLink(java.lang.String)&amp#27;[0m
  &amp#27;[32mAnd &amp#27;[0m&amp#27;[32menter &amp#27;[0m&amp#27;[32m&amp#27;[1mOnur&amp#27;[0m&amp#27;[32m  and &amp#27;[0m&amp#27;[32m&amp#27;[1mpws&amp#27;[0m              &amp#27;[90m# steps.SampleAppPageSteps.enterAnd(java.lang.String,java.lang.String)&amp#27;[0m
  &amp#27;[32mAnd &amp#27;[0m&amp#27;[32mclick Log In button&amp#27;[0m              &amp#27;[90m# steps.SampleAppPageSteps.clickLogInButton()&amp#27;[0m
  &amp#27;[31mThen &amp#27;[0m&amp#27;[31mcheck &amp#27;[0m&amp#27;[31m&amp#27;[1msuccessLogin&amp#27;[0m&amp#27;[31m login status&amp#27;[0m &amp#27;[90m# steps.SampleAppPageSteps.checkLoginStatus(java.lang.String)&amp#27;[0m
      &amp#27;[31morg.junit.ComparisonFailure: Invalid Username/Password expected:<[Invalid username/password]> but was:<[Welcome, Onur!]>
	at org.junit.Assert.assertEquals(Assert.java:117)
	at pageObjects.SampleAppLoginPage.checkLoginStatus(SampleAppLoginPage.java:44)
	at steps.SampleAppPageSteps.checkLoginStatus(SampleAppPageSteps.java:18)
	at âœ½.check successLogin login status(file:///C:/Users/onur.tarar/IdeaProjects/CucumberSpriteCloud/src/test/java/features/SampleApp.feature:12)
&amp#27;[0m
]]></system-out>
    <system-err><![CDATA[Starting ChromeDriver 102.0.5005.61 (0e59bcc00cc4985ce39ad31c150065f159d95ad3-refs/branch-heads/5005@{#819}) on port 1810
Only local connections are allowed.
Please see https://chromedriver.chromium.org/security-considerations for suggestions on keeping ChromeDriver safe.
ChromeDriver was started successfully.
Eki 08, 2022 8:10:50 ÖS org.openqa.selenium.remote.ProtocolHandshake createSession
INFO: Detected dialect: W3C
Eki 08, 2022 8:10:53 ÖS pageObjects.HomePage clickHrefLink
INFO: Click Href...
Eki 08, 2022 8:10:53 ÖS pageObjects.SampleAppLoginPage enterUsernamePassParams
INFO: Insert Login negative credentials...
Eki 08, 2022 8:10:53 ÖS pageObjects.SampleAppLoginPage enterUsernamePassParams
INFO: User logged out...  You can login if you want...
Eki 08, 2022 8:10:53 ÖS pageObjects.SampleAppLoginPage clickLoginButton
INFO: Click Login Button...
Eki 08, 2022 8:10:54 ÖS pageObjects.SampleAppLoginPage checkLoginStatus
INFO: Check login status...
]]></system-err>
  </testcase>
  <testcase name="Sample App : Success login #1" classname="SampleApp features" time="3.977"/>
  <testcase name="Sample App : Success login #2" classname="SampleApp features" time="4.616"/>
  <testcase name="Sample App : Success login #3" classname="SampleApp features" time="5.08"/>
</testsuite>